This is XeTeX, Version 3.14159265-2.6-0.99999 (MiKTeX 2.9.6930 64-bit) (preloaded format=xelatex 2019.3.6)  12 MAR 2019 20:48
entering extended mode
**./company.tex
(company.tex
LaTeX2e <2018-12-01>
! Undefined control sequence.
l.1 \resheading
               {项目经历}
The control sequence at the end of the top line
of your error message was never \def'ed. If you have
misspelled it (e.g., `\hobx'), type `I' and the correct
spelling (e.g., `I\hbox'). Otherwise just continue,
and I'll forget about whatever was undefined.


! LaTeX Error: Missing \begin{document}.

See the LaTeX manual or LaTeX Companion for explanation.
Type  H <return>  for immediate help.
 ...                                              
                                                  
l.1 \resheading{项
                 目经历}
You're in trouble here.  Try typing  <return>  to proceed.
If that doesn't work, type  X <return>  to quit.

Missing character: There is no 项 in font nullfont!
Missing character: There is no 目 in font nullfont!
Missing character: There is no 经 in font nullfont!
Missing character: There is no 历 in font nullfont!

Overfull \hbox (20.0pt too wide) in paragraph at lines 1--2
[] 
 []


! LaTeX Error: Missing \begin{document}.

See the LaTeX manual or LaTeX Companion for explanation.
Type  H <return>  for immediate help.
 ...                                              
                                                  
l.2   \begin{itemize}[
                      leftmargin=*]
You're in trouble here.  Try typing  <return>  to proceed.
If that doesn't work, type  X <return>  to quit.

Missing character: There is no [ in font nullfont!
Missing character: There is no l in font nullfont!
Missing character: There is no e in font nullfont!
Missing character: There is no f in font nullfont!
Missing character: There is no t in font nullfont!
Missing character: There is no m in font nullfont!
Missing character: There is no a in font nullfont!
Missing character: There is no r in font nullfont!
Missing character: There is no g in font nullfont!
Missing character: There is no i in font nullfont!
Missing character: There is no n in font nullfont!
Missing character: There is no = in font nullfont!
Missing character: There is no * in font nullfont!
Missing character: There is no ] in font nullfont!

! LaTeX Error: Something's wrong--perhaps a missing \item.

See the LaTeX manual or LaTeX Companion for explanation.
Type  H <return>  for immediate help.
 ...                                              
                                                  
l.4       \ressubsingleline
                           {高速交通大数据分析}{路网中心}{2018.11 -- 2019.01}
Try typing  <return>  to proceed.
If that doesn't work, type  X <return>  to quit.


! LaTeX Error: Something's wrong--perhaps a missing \item.

See the LaTeX manual or LaTeX Companion for explanation.
Type  H <return>  for immediate help.
 ...                                              
                                                  
l.4       \ressubsingleline
                           {高速交通大数据分析}{路网中心}{2018.11 -- 2019.01}
Try typing  <return>  to proceed.
If that doesn't work, type  X <return>  to quit.


! LaTeX Error: Something's wrong--perhaps a missing \item.

See the LaTeX manual or LaTeX Companion for explanation.
Type  H <return>  for immediate help.
 ...                                              
                                                  
l.4       \ressubsingleline
                           {高速交通大数据分析}{路网中心}{2018.11 -- 2019.01}
Try typing  <return>  to proceed.
If that doesn't work, type  X <return>  to quit.

! Undefined control sequence.
<recently read> \ressubsingleline 
                                  
l.4       \ressubsingleline
                           {高速交通大数据分析}{路网中心}{2018.11 -- 2019.01}
The control sequence at the end of the top line
of your error message was never \def'ed. If you have
misspelled it (e.g., `\hobx'), type `I' and the correct
spelling (e.g., `I\hbox'). Otherwise just continue,
and I'll forget about whatever was undefined.

Missing character: There is no 高 in font nullfont!
Missing character: There is no 速 in font nullfont!
Missing character: There is no 交 in font nullfont!
Missing character: There is no 通 in font nullfont!
Missing character: There is no 大 in font nullfont!
Missing character: There is no 数 in font nullfont!
Missing character: There is no 据 in font nullfont!
Missing character: There is no 分 in font nullfont!
Missing character: There is no 析 in font nullfont!
Missing character: There is no 路 in font nullfont!
Missing character: There is no 网 in font nullfont!
Missing character: There is no 中 in font nullfont!
Missing character: There is no 心 in font nullfont!
Missing character: There is no 2 in font nullfont!
Missing character: There is no 0 in font nullfont!
Missing character: There is no 1 in font nullfont!
Missing character: There is no 8 in font nullfont!
Missing character: There is no . in font nullfont!
Missing character: There is no 1 in font nullfont!
Missing character: There is no 1 in font nullfont!
Missing character: There is no - in font nullfont!
Missing character: There is no - in font nullfont!
Missing character: There is no 2 in font nullfont!
Missing character: There is no 0 in font nullfont!
Missing character: There is no 1 in font nullfont!
Missing character: There is no 9 in font nullfont!
Missing character: There is no . in font nullfont!
Missing character: There is no 0 in font nullfont!
Missing character: There is no 1 in font nullfont!
! Undefined control sequence.
l.5       {\small
                 
The control sequence at the end of the top line
of your error message was never \def'ed. If you have
misspelled it (e.g., `\hobx'), type `I' and the correct
spelling (e.g., `I\hbox'). Otherwise just continue,
and I'll forget about whatever was undefined.


! LaTeX Error: Something's wrong--perhaps a missing \item.

See the LaTeX manual or LaTeX Companion for explanation.
Type  H <return>  for immediate help.
 ...                                              
                                                  
l.7         \item 搭
                   建hadoop分布式集群存储环境，对路网中心上传的\textbf{月数据量达500G}全国收费站数据进行落地存储管理
Try typing  <return>  to proceed.
If that doesn't work, type  X <return>  to quit.

Missing character: There is no 搭 in font nullfont!
Missing character: There is no 建 in font nullfont!
Missing character: There is no h in font nullfont!
Missing character: There is no a in font nullfont!
Missing character: There is no d in font nullfont!
Missing character: There is no o in font nullfont!
Missing character: There is no o in font nullfont!
Missing character: There is no p in font nullfont!
Missing character: There is no 分 in font nullfont!
Missing character: There is no 布 in font nullfont!
Missing character: There is no 式 in font nullfont!
Missing character: There is no 集 in font nullfont!
Missing character: There is no 群 in font nullfont!
Missing character: There is no 存 in font nullfont!
Missing character: There is no 储 in font nullfont!
Missing character: There is no 环 in font nullfont!
Missing character: There is no 境 in font nullfont!
Missing character: There is no ， in font nullfont!
Missing character: There is no 对 in font nullfont!
Missing character: There is no 路 in font nullfont!
Missing character: There is no 网 in font nullfont!
Missing character: There is no 中 in font nullfont!
Missing character: There is no 心 in font nullfont!
Missing character: There is no 上 in font nullfont!
Missing character: There is no 传 in font nullfont!
Missing character: There is no 的 in font nullfont!
Missing character: There is no 月 in font [lmroman10-bold]:mapping=tex-text;!
Missing character: There is no 数 in font [lmroman10-bold]:mapping=tex-text;!
Missing character: There is no 据 in font [lmroman10-bold]:mapping=tex-text;!
Missing character: There is no 量 in font [lmroman10-bold]:mapping=tex-text;!
Missing character: There is no 达 in font [lmroman10-bold]:mapping=tex-text;!
Missing character: There is no 全 in font nullfont!
Missing character: There is no 国 in font nullfont!
Missing character: There is no 收 in font nullfont!
Missing character: There is no 费 in font nullfont!
Missing character: There is no 站 in font nullfont!
Missing character: There is no 数 in font nullfont!
Missing character: There is no 据 in font nullfont!
Missing character: There is no 进 in font nullfont!
Missing character: There is no 行 in font nullfont!
Missing character: There is no 落 in font nullfont!
Missing character: There is no 地 in font nullfont!
Missing character: There is no 存 in font nullfont!
Missing character: There is no 储 in font nullfont!
Missing character: There is no 管 in font nullfont!
Missing character: There is no 理 in font nullfont!

Overfull \hbox (40.29001pt too wide) in paragraph at lines 7--8
\TU/lmr/bx/n/10 月数据量达500G 
 []

Missing character: There is no 在 in font nullfont!
Missing character: There is no 交 in font nullfont!
Missing character: There is no 易 in font nullfont!
Missing character: There is no 数 in font nullfont!
Missing character: There is no 据 in font nullfont!
Missing character: There is no 记 in font nullfont!
Missing character: There is no 录 in font nullfont!
Missing character: There is no 中 in font nullfont!
Missing character: There is no 按 in font nullfont!
Missing character: There is no 属 in font nullfont!
Missing character: There is no 性 in font nullfont!
Missing character: There is no 进 in font nullfont!
Missing character: There is no 行 in font nullfont!
Missing character: There is no 聚 in font nullfont!
Missing character: There is no 类 in font nullfont!
Missing character: There is no ， in font nullfont!
Missing character: There is no 检 in font nullfont!
Missing character: There is no 测 in font nullfont!
Missing character: There is no 出 in font nullfont!
Missing character: There is no 离 in font nullfont!
Missing character: There is no 群 in font nullfont!
Missing character: There is no 点 in font nullfont!
Missing character: There is no ， in font nullfont!
Missing character: There is no 并 in font nullfont!
Missing character: There is no 将 in font nullfont!
Missing character: There is no 这 in font nullfont!
Missing character: There is no 部 in font nullfont!
Missing character: There is no 分 in font nullfont!
Missing character: There is no 离 in font nullfont!
Missing character: There is no 群 in font nullfont!
Missing character: There is no 点 in font nullfont!
Missing character: There is no 数 in font nullfont!
Missing character: There is no 据 in font nullfont!
Missing character: There is no 的 in font nullfont!
Missing character: There is no 信 in font nullfont!
Missing character: There is no 息 in font nullfont!
Missing character: There is no 完 in font nullfont!
Missing character: There is no 整 in font nullfont!
Missing character: There is no 杜 in font nullfont!
Missing character: There is no 进 in font nullfont!
Missing character: There is no 行 in font nullfont!
Missing character: There is no 评 in font nullfont!
Missing character: There is no 估 in font nullfont!
Missing character: There is no ， in font nullfont!
Missing character: There is no 过 in font nullfont!
Missing character: There is no 滤 in font nullfont!
Missing character: There is no 出 in font nullfont!
Missing character: There is no 存 in font nullfont!
Missing character: There is no 在 in font nullfont!
Missing character: There is no 逃 in font nullfont!
Missing character: There is no 费 in font nullfont!
Missing character: There is no 的 in font nullfont!
Missing character: There is no 异 in font nullfont!
Missing character: There is no 常 in font nullfont!
Missing character: There is no 行 in font nullfont!
Missing character: There is no 为 in font nullfont!
Missing character: There is no 记 in font nullfont!
Missing character: There is no 录 in font nullfont!
Missing character: There is no 利 in font nullfont!
Missing character: There is no 用 in font nullfont!
Missing character: There is no s in font nullfont!
Missing character: There is no p in font nullfont!
Missing character: There is no a in font nullfont!
Missing character: There is no r in font nullfont!
Missing character: There is no k in font nullfont!
Missing character: There is no 等 in font nullfont!
Missing character: There is no 大 in font nullfont!
Missing character: There is no 数 in font nullfont!
Missing character: There is no 据 in font nullfont!
Missing character: There is no 工 in font nullfont!
Missing character: There is no 具 in font nullfont!
Missing character: There is no ， in font nullfont!
Missing character: There is no 对 in font nullfont!
Missing character: There is no 交 in font nullfont!
Missing character: There is no 易 in font nullfont!
Missing character: There is no 数 in font nullfont!
Missing character: There is no 据 in font nullfont!
Missing character: There is no 进 in font nullfont!
Missing character: There is no 行 in font nullfont!
Missing character: There is no 分 in font nullfont!
Missing character: There is no 析 in font nullfont!
Missing character: There is no ， in font nullfont!
Missing character: There is no 生 in font nullfont!
Missing character: There is no 成 in font nullfont!
Missing character: There is no 不 in font nullfont!
Missing character: There is no 同 in font nullfont!
Missing character: There is no 省 in font nullfont!
Missing character: There is no 份 in font nullfont!
Missing character: There is no 的 in font nullfont!
Missing character: There is no 出 in font nullfont!
Missing character: There is no 行 in font nullfont!
Missing character: There is no 基 in font nullfont!
Missing character: There is no 本 in font nullfont!
Missing character: There is no 特 in font nullfont!
Missing character: There is no 征 in font nullfont!
Missing character: There is no 、 in font nullfont!
Missing character: There is no 区 in font nullfont!
Missing character: There is no 域 in font nullfont!
Missing character: There is no 运 in font nullfont!
Missing character: There is no 输 in font nullfont!
Missing character: There is no 特 in font nullfont!
Missing character: There is no 征 in font nullfont!
Missing character: There is no 以 in font nullfont!
Missing character: There is no 及 in font nullfont!
Missing character: There is no 通 in font nullfont!
Missing character: There is no 行 in font nullfont!
Missing character: There is no 费 in font nullfont!
Missing character: There is no 用 in font nullfont!
Missing character: There is no 基 in font nullfont!
Missing character: There is no 本 in font nullfont!
Missing character: There is no 特 in font nullfont!
Missing character: There is no 征 in font nullfont!
Missing character: There is no 的 in font nullfont!
Missing character: There is no 画 in font nullfont!
Missing character: There is no 像 in font nullfont!
! Undefined control sequence.
<recently read> \ressubsingleline 
                                  
l.23 ^^I  \ressubsingleline
                           {高速路链数据拓扑分析}{Java/路网中心}{2018.11 -- 2019.01}
The control sequence at the end of the top line
of your error message was never \def'ed. If you have
misspelled it (e.g., `\hobx'), type `I' and the correct
spelling (e.g., `I\hbox'). Otherwise just continue,
and I'll forget about whatever was undefined.

Missing character: There is no 高 in font nullfont!
Missing character: There is no 速 in font nullfont!
Missing character: There is no 路 in font nullfont!
Missing character: There is no 链 in font nullfont!
Missing character: There is no 数 in font nullfont!
Missing character: There is no 据 in font nullfont!
Missing character: There is no 拓 in font nullfont!
Missing character: There is no 扑 in font nullfont!
Missing character: There is no 分 in font nullfont!
Missing character: There is no 析 in font nullfont!
Missing character: There is no J in font nullfont!
Missing character: There is no a in font nullfont!
Missing character: There is no v in font nullfont!
Missing character: There is no a in font nullfont!
Missing character: There is no / in font nullfont!
Missing character: There is no 路 in font nullfont!
Missing character: There is no 网 in font nullfont!
Missing character: There is no 中 in font nullfont!
Missing character: There is no 心 in font nullfont!
Missing character: There is no 2 in font nullfont!
Missing character: There is no 0 in font nullfont!
Missing character: There is no 1 in font nullfont!
Missing character: There is no 8 in font nullfont!
Missing character: There is no . in font nullfont!
Missing character: There is no 1 in font nullfont!
Missing character: There is no 1 in font nullfont!
Missing character: There is no - in font nullfont!
Missing character: There is no - in font nullfont!
Missing character: There is no 2 in font nullfont!
Missing character: There is no 0 in font nullfont!
Missing character: There is no 1 in font nullfont!
Missing character: There is no 9 in font nullfont!
Missing character: There is no . in font nullfont!
Missing character: There is no 0 in font nullfont!
Missing character: There is no 1 in font nullfont!
! Undefined control sequence.
l.24 ^^I  {\small
                 
The control sequence at the end of the top line
of your error message was never \def'ed. If you have
misspelled it (e.g., `\hobx'), type `I' and the correct
spelling (e.g., `I\hbox'). Otherwise just continue,
and I'll forget about whatever was undefined.

Missing character: There is no 对 in font nullfont!
Missing character: There is no “ in font nullfont!
Missing character: There is no 路 in font nullfont!
Missing character: There is no 链 in font nullfont!
Missing character: There is no " in font nullfont!
Missing character: There is no 对 in font nullfont!
Missing character: There is no 象 in font nullfont!
Missing character: There is no 进 in font nullfont!
Missing character: There is no 行 in font nullfont!
Missing character: There is no 抽 in font nullfont!
Missing character: There is no 象 in font nullfont!
Missing character: There is no 封 in font nullfont!
Missing character: There is no 装 in font nullfont!
Missing character: There is no ， in font nullfont!
Missing character: There is no 采 in font nullfont!
Missing character: There is no 用 in font nullfont!
Missing character: There is no 双 in font nullfont!
Missing character: There is no 向 in font nullfont!
Missing character: There is no 链 in font nullfont!
Missing character: There is no 表 in font nullfont!
Missing character: There is no 的 in font nullfont!
Missing character: There is no 数 in font nullfont!
Missing character: There is no 据 in font nullfont!
Missing character: There is no 结 in font nullfont!
Missing character: There is no 构 in font nullfont!
Missing character: There is no 读 in font nullfont!
Missing character: There is no 取 in font nullfont!
Missing character: There is no m in font nullfont!
Missing character: There is no a in font nullfont!
Missing character: There is no p in font nullfont!
Missing character: There is no i in font nullfont!
Missing character: There is no n in font nullfont!
Missing character: There is no f in font nullfont!
Missing character: There is no o in font nullfont!
Missing character: There is no 文 in font nullfont!
Missing character: There is no 件 in font nullfont!
Missing character: There is no 生 in font nullfont!
Missing character: There is no 成 in font nullfont!
Missing character: There is no 路 in font nullfont!
Missing character: There is no 链 in font nullfont!
Missing character: There is no 拓 in font nullfont!
Missing character: There is no 扑 in font nullfont!
Missing character: There is no 结 in font nullfont!
Missing character: There is no 构 in font nullfont!
Missing character: There is no 依 in font nullfont!
Missing character: There is no 据 in font nullfont!
Missing character: There is no 经 in font nullfont!
Missing character: There is no 纬 in font nullfont!
Missing character: There is no 度 in font nullfont!
Missing character: There is no 信 in font nullfont!
Missing character: There is no 息 in font nullfont!
Missing character: There is no , in font nullfont!
Missing character: There is no 将 in font nullfont!
Missing character: There is no 某 in font nullfont!
Missing character: There is no 省 in font nullfont!
Missing character: There is no 所 in font nullfont!
Missing character: There is no 有 in font nullfont!
Missing character: There is no 收 in font nullfont!
Missing character: There is no 费 in font nullfont!
Missing character: There is no 站 in font nullfont!
Missing character: There is no 映 in font nullfont!
Missing character: There is no 射 in font nullfont!
Missing character: There is no 到 in font nullfont!
Missing character: There is no 路 in font nullfont!
Missing character: There is no 链 in font nullfont!
Missing character: There is no 依 in font nullfont!
Missing character: There is no 据 in font nullfont!
Missing character: There is no 路 in font nullfont!
Missing character: There is no 链 in font nullfont!
Missing character: There is no 拓 in font nullfont!
Missing character: There is no 扑 in font nullfont!
Missing character: There is no 信 in font nullfont!
Missing character: There is no 息 in font nullfont!
Missing character: There is no ， in font nullfont!
Missing character: There is no 采 in font nullfont!
Missing character: There is no 用 in font nullfont!
Missing character: There is no D in font nullfont!
Missing character: There is no i in font nullfont!
Missing character: There is no j in font nullfont!
Missing character: There is no k in font nullfont!
Missing character: There is no s in font nullfont!
Missing character: There is no t in font nullfont!
Missing character: There is no r in font nullfont!
Missing character: There is no a in font nullfont!
Missing character: There is no 计 in font nullfont!
Missing character: There is no 算 in font nullfont!
Missing character: There is no 高 in font nullfont!
Missing character: There is no 速 in font nullfont!
Missing character: There is no 收 in font nullfont!
Missing character: There is no 费 in font nullfont!
Missing character: There is no 站 in font nullfont!
Missing character: There is no 间 in font nullfont!
Missing character: There is no 最 in font nullfont!
Missing character: There is no 短 in font nullfont!
Missing character: There is no 路 in font nullfont!
Missing character: There is no 链 in font nullfont!
Missing character: There is no 集 in font nullfont!
Missing character: There is no 合 in font nullfont!
Missing character: There is no 、 in font nullfont!
Missing character: There is no 距 in font nullfont!
Missing character: There is no 离 in font nullfont!
Missing character: There is no 及 in font nullfont!
Missing character: There is no 行 in font nullfont!
Missing character: There is no 驶 in font nullfont!
Missing character: There is no 时 in font nullfont!
Missing character: There is no 间 in font nullfont!
Missing character: There is no 依 in font nullfont!
Missing character: There is no 据 in font nullfont!
Missing character: There is no 路 in font nullfont!
Missing character: There is no 链 in font nullfont!
Missing character: There is no 拓 in font nullfont!
Missing character: There is no 扑 in font nullfont!
Missing character: There is no 信 in font nullfont!
Missing character: There is no 息 in font nullfont!
Missing character: There is no 和 in font nullfont!
Missing character: There is no 站 in font nullfont!
Missing character: There is no 间 in font nullfont!
Missing character: There is no 流 in font nullfont!
Missing character: There is no 量 in font nullfont!
Missing character: There is no ， in font nullfont!
Missing character: There is no 标 in font nullfont!
Missing character: There is no 识 in font nullfont!
Missing character: There is no 高 in font nullfont!
Missing character: There is no 速 in font nullfont!
Missing character: There is no 关 in font nullfont!
Missing character: There is no 键 in font nullfont!
Missing character: There is no 路 in font nullfont!
Missing character: There is no 段 in font nullfont!
! Undefined control sequence.
<recently read> \ressubsingleline 
                                  
l.34       \ressubsingleline
                            {数据可视化网站搭建}{Python/后端}{2019.01 -- 2019.02}
The control sequence at the end of the top line
of your error message was never \def'ed. If you have
misspelled it (e.g., `\hobx'), type `I' and the correct
spelling (e.g., `I\hbox'). Otherwise just continue,
and I'll forget about whatever was undefined.

Missing character: There is no 数 in font nullfont!
Missing character: There is no 据 in font nullfont!
Missing character: There is no 可 in font nullfont!
Missing character: There is no 视 in font nullfont!
Missing character: There is no 化 in font nullfont!
Missing character: There is no 网 in font nullfont!
Missing character: There is no 站 in font nullfont!
Missing character: There is no 搭 in font nullfont!
Missing character: There is no 建 in font nullfont!
Missing character: There is no P in font nullfont!
Missing character: There is no y in font nullfont!
Missing character: There is no t in font nullfont!
Missing character: There is no h in font nullfont!
Missing character: There is no o in font nullfont!
Missing character: There is no n in font nullfont!
Missing character: There is no / in font nullfont!
Missing character: There is no 后 in font nullfont!
Missing character: There is no 端 in font nullfont!
Missing character: There is no 2 in font nullfont!
Missing character: There is no 0 in font nullfont!
Missing character: There is no 1 in font nullfont!
Missing character: There is no 9 in font nullfont!
Missing character: There is no . in font nullfont!
Missing character: There is no 0 in font nullfont!
Missing character: There is no 1 in font nullfont!
Missing character: There is no - in font nullfont!
Missing character: There is no - in font nullfont!
Missing character: There is no 2 in font nullfont!
Missing character: There is no 0 in font nullfont!
Missing character: There is no 1 in font nullfont!
Missing character: There is no 9 in font nullfont!
Missing character: There is no . in font nullfont!
Missing character: There is no 0 in font nullfont!
Missing character: There is no 2 in font nullfont!
! Undefined control sequence.
l.35       {\small
                  
The control sequence at the end of the top line
of your error message was never \def'ed. If you have
misspelled it (e.g., `\hobx'), type `I' and the correct
spelling (e.g., `I\hbox'). Otherwise just continue,
and I'll forget about whatever was undefined.

Missing character: There is no 基 in font nullfont!
Missing character: There is no 于 in font nullfont!
Missing character: There is no 高 in font nullfont!
Missing character: There is no 速 in font nullfont!
Missing character: There is no 交 in font nullfont!
Missing character: There is no 通 in font nullfont!
Missing character: There is no 大 in font nullfont!
Missing character: There is no 数 in font nullfont!
Missing character: There is no 据 in font nullfont!
Missing character: There is no 的 in font nullfont!
Missing character: There is no 分 in font nullfont!
Missing character: There is no 析 in font nullfont!
Missing character: There is no 结 in font nullfont!
Missing character: There is no 果 in font nullfont!
Missing character: There is no 完 in font nullfont!
Missing character: There is no 成 in font nullfont!
Missing character: There is no 数 in font nullfont!
Missing character: There is no 据 in font nullfont!
Missing character: There is no 可 in font nullfont!
Missing character: There is no 视 in font nullfont!
Missing character: There is no 化 in font nullfont!
Missing character: There is no 后 in font nullfont!
Missing character: There is no 端 in font nullfont!
Missing character: There is no 采 in font nullfont!
Missing character: There is no 用 in font nullfont!
Missing character: There is no D in font nullfont!
Missing character: There is no j in font nullfont!
Missing character: There is no a in font nullfont!
Missing character: There is no n in font nullfont!
Missing character: There is no g in font nullfont!
Missing character: There is no o in font nullfont!
Missing character: There is no 框 in font nullfont!
Missing character: There is no 架 in font nullfont!
Missing character: There is no ， in font nullfont!
Missing character: There is no 通 in font nullfont!
Missing character: There is no 过 in font nullfont!
Missing character: There is no 对 in font nullfont!
Missing character: There is no 数 in font nullfont!
Missing character: There is no 据 in font nullfont!
Missing character: There is no 库 in font nullfont!
Missing character: There is no 的 in font nullfont!
Missing character: There is no 增 in font nullfont!
Missing character: There is no 删 in font nullfont!
Missing character: There is no 查 in font nullfont!
Missing character: There is no 为 in font nullfont!
Missing character: There is no 前 in font nullfont!
Missing character: There is no 端 in font nullfont!
Missing character: There is no 提 in font nullfont!
Missing character: There is no 供 in font nullfont!
Missing character: There is no 数 in font nullfont!
Missing character: There is no 据 in font nullfont!
Missing character: There is no 请 in font nullfont!
Missing character: There is no 求 in font nullfont!
Missing character: There is no 接 in font nullfont!
Missing character: There is no 口 in font nullfont!
Missing character: There is no 前 in font nullfont!
Missing character: There is no 端 in font nullfont!
Missing character: There is no 采 in font nullfont!
Missing character: There is no 用 in font nullfont!
Missing character: There is no E in font nullfont!
Missing character: There is no c in font nullfont!
Missing character: There is no h in font nullfont!
Missing character: There is no a in font nullfont!
Missing character: There is no r in font nullfont!
Missing character: There is no t in font nullfont!
Missing character: There is no s in font nullfont!
Missing character: There is no 框 in font nullfont!
Missing character: There is no 架 in font nullfont!
Missing character: There is no ， in font nullfont!
Missing character: There is no 对 in font nullfont!
Missing character: There is no 后 in font nullfont!
Missing character: There is no 台 in font nullfont!
Missing character: There is no 的 in font nullfont!
Missing character: There is no 数 in font nullfont!
Missing character: There is no 据 in font nullfont!
Missing character: There is no 加 in font nullfont!
Missing character: There is no 载 in font nullfont!
Missing character: There is no 渲 in font nullfont!
Missing character: There is no 染 in font nullfont!
)
! Emergency stop.
<*> ./company.tex
                 
*** (job aborted, no legal \end found)

 
Here is how much of TeX's memory you used:
 14 strings out of 427748
 185 string characters out of 3150982
 64491 words of memory out of 3000000
 4147 multiletter control sequences out of 15000+200000
 3648 words of font info for 15 fonts, out of 3000000 for 9000
 1328 hyphenation exceptions out of 8191
 13i,2n,8p,136b,167s stack positions out of 5000i,500n,10000p,200000b,50000s
No pages of output.
